<?xml version="1.0" encoding="UTF-8"?>
<!-- Generated by org.testng.reporters.JUnitReportReporter -->
<testsuite skipped="0" hostname="DESKTOP-MBD2ILJ" name="com.test.DataDrivenTest" tests="10" failures="0" timestamp="2020-04-03T06:20:52 IST" time="18.991" errors="0">
  <testcase name="canTestExcelData" time="1.609" classname="com.test.DataDrivenTest"/>
  <system-out/>
  <testcase name="canTestExcelData" time="0.172" classname="com.test.DataDrivenTest"/>
  <system-out/>
  <testcase name="canTestExcelData" time="14.477" classname="com.test.DataDrivenTest"/>
  <system-out/>
  <testcase name="canTestExcelData" time="0.009" classname="com.test.DataDrivenTest"/>
  <system-out/>
  <testcase name="canTestExcelData" time="0.510" classname="com.test.DataDrivenTest"/>
  <system-out/>
  <testcase name="canTestExcelData" time="0.230" classname="com.test.DataDrivenTest"/>
  <system-out/>
  <testcase name="canTestExcelData" time="0.139" classname="com.test.DataDrivenTest"/>
  <system-out/>
  <testcase name="canTestExcelData" time="0.181" classname="com.test.DataDrivenTest"/>
  <system-out/>
  <testcase name="canTestExcelData" time="0.844" classname="com.test.DataDrivenTest"/>
  <system-out/>
  <testcase name="canTestExcelData" time="0.820" classname="com.test.DataDrivenTest"/>
  <system-out/>
</testsuite> <!-- com.test.DataDrivenTest -->
