<?xml version="1.0" encoding="UTF-8"?>
<!-- Generated by org.testng.reporters.JUnitReportReporter -->
<testsuite skipped="0" hostname="DESKTOP-MBD2ILJ" name="com.test.DataDrivenTest" tests="10" failures="0" timestamp="2020-04-01T06:41:29 IST" time="0.020" errors="0">
  <testcase name="canTestExcelData" time="0.002" classname="com.test.DataDrivenTest"/>
  <system-out/>
  <testcase name="canTestExcelData" time="0.004" classname="com.test.DataDrivenTest"/>
  <system-out/>
  <testcase name="canTestExcelData" time="0.002" classname="com.test.DataDrivenTest"/>
  <system-out/>
  <testcase name="canTestExcelData" time="0.003" classname="com.test.DataDrivenTest"/>
  <system-out/>
  <testcase name="canTestExcelData" time="0.002" classname="com.test.DataDrivenTest"/>
  <system-out/>
  <testcase name="canTestExcelData" time="0.001" classname="com.test.DataDrivenTest"/>
  <system-out/>
  <testcase name="canTestExcelData" time="0.000" classname="com.test.DataDrivenTest"/>
  <system-out/>
  <testcase name="canTestExcelData" time="0.004" classname="com.test.DataDrivenTest"/>
  <system-out/>
  <testcase name="canTestExcelData" time="0.001" classname="com.test.DataDrivenTest"/>
  <system-out/>
  <testcase name="canTestExcelData" time="0.001" classname="com.test.DataDrivenTest"/>
  <system-out/>
</testsuite> <!-- com.test.DataDrivenTest -->
