<?xml version="1.0" encoding="UTF-8"?>
<!-- Generated by org.testng.reporters.JUnitReportReporter -->
<testsuite skipped="0" hostname="DESKTOP-MBD2ILJ" name="com.test.EmailValidatorTest" tests="5" failures="0" timestamp="2020-04-01T06:41:29 IST" time="0.010" errors="0">
  <testcase name="canTestEmailIDWhenInputIsNull" time="0.002" classname="com.test.EmailValidatorTest"/>
  <system-out/>
  <testcase name="canTestEmailIDWhenInputValid" time="0.002" classname="com.test.EmailValidatorTest"/>
  <system-out/>
  <testcase name="canTestEmailIDWhenInputIsBlank" time="0.002" classname="com.test.EmailValidatorTest"/>
  <system-out/>
  <testcase name="canTestEmailIDWhenInputInvalid2" time="0.002" classname="com.test.EmailValidatorTest"/>
  <system-out/>
  <testcase name="canTestEmailIDWhenInputIsWithoutAtTheRate" time="0.002" classname="com.test.EmailValidatorTest"/>
  <system-out/>
</testsuite> <!-- com.test.EmailValidatorTest -->
