<?xml version="1.0" encoding="UTF-8"?>
<!-- Generated by org.testng.reporters.JUnitReportReporter -->
<testsuite skipped="0" hostname="DESKTOP-MBD2ILJ" name="com.test.GoogleTest" tests="2" failures="0" timestamp="2020-04-03T06:59:08 IST" time="2.355" errors="0">
  <testcase name="canSearchSeleniumHQ" time="2.337" classname="com.test.GoogleTest"/>
  <system-out/>
  <testcase name="canOpenGoogleURL" time="0.018" classname="com.test.GoogleTest"/>
  <system-out/>
</testsuite> <!-- com.test.GoogleTest -->
