<?xml version="1.0" encoding="UTF-8"?>
<!-- Generated by org.testng.reporters.JUnitReportReporter -->
<testsuite skipped="1" hostname="DESKTOP-MBD2ILJ" name="com.test.EmailValidatorTest" tests="5" failures="0" timestamp="2020-04-07T06:51:10 IST" time="0.004" errors="0">
  <testcase name="canTestEmailIDWhenInputIsNull" time="0.003" classname="com.test.EmailValidatorTest"/>
  <system-out/>
  <testcase name="canTestEmailIDWhenInputIsWithoutAtTheRate" time="0.000" classname="com.test.EmailValidatorTest"/>
  <system-out/>
  <testcase name="canTestEmailIDWhenInputIsBlank" time="0.001" classname="com.test.EmailValidatorTest"/>
  <system-out/>
  <testcase name="canTestEmailIDWhenInputValid" time="0.000" classname="com.test.EmailValidatorTest"/>
  <system-out/>
  <testcase name="canTestEmailIDWhenInputInvalid2" classname="com.test.EmailValidatorTest">
    <skipped/>
  </testcase> <!-- canTestEmailIDWhenInputInvalid2 -->
  <system-out/>
</testsuite> <!-- com.test.EmailValidatorTest -->
