<?xml version="1.0" encoding="UTF-8"?>
<!-- Generated by org.testng.reporters.JUnitReportReporter -->
<testsuite skipped="0" hostname="DESKTOP-MBD2ILJ" name="com.test.GoogleTest" tests="2" failures="0" timestamp="2020-04-07T06:51:10 IST" time="2.033" errors="0">
  <testcase name="canOpenGoogleURL" time="0.015" classname="com.test.GoogleTest"/>
  <system-out/>
  <testcase name="canSearchSeleniumHQ" time="2.018" classname="com.test.GoogleTest"/>
  <system-out/>
</testsuite> <!-- com.test.GoogleTest -->
