<?xml version="1.0" encoding="UTF-8"?>
<!-- Generated by org.testng.reporters.JUnitReportReporter -->
<testsuite skipped="0" hostname="DESKTOP-MBD2ILJ" name="com.test.DataDrivenTest" tests="12" failures="0" timestamp="2020-04-03T06:59:08 IST" time="19.996" errors="0">
  <testcase name="canTestExcelData" time="0.869" classname="com.test.DataDrivenTest"/>
  <system-out/>
  <testcase name="canTestExcelData" time="0.001" classname="com.test.DataDrivenTest"/>
  <system-out/>
  <testcase name="canTestExcelData" time="0.930" classname="com.test.DataDrivenTest"/>
  <system-out/>
  <testcase name="canTestExcelData" time="0.255" classname="com.test.DataDrivenTest"/>
  <system-out/>
  <testcase name="canTestExcelData" time="0.162" classname="com.test.DataDrivenTest"/>
  <system-out/>
  <testcase name="canTestExcelData" time="0.248" classname="com.test.DataDrivenTest"/>
  <system-out/>
  <testcase name="canTestExcelData" time="13.984" classname="com.test.DataDrivenTest"/>
  <system-out/>
  <testcase name="canTestExcelData" time="0.145" classname="com.test.DataDrivenTest"/>
  <system-out/>
  <testcase name="canTestExcelData" time="0.138" classname="com.test.DataDrivenTest"/>
  <system-out/>
  <testcase name="canTestExcelData" time="1.550" classname="com.test.DataDrivenTest"/>
  <system-out/>
  <testcase name="canTestExcelData" time="0.595" classname="com.test.DataDrivenTest"/>
  <system-out/>
  <testcase name="canTestExcelData" time="1.119" classname="com.test.DataDrivenTest"/>
  <system-out/>
</testsuite> <!-- com.test.DataDrivenTest -->
