<?xml version="1.0" encoding="UTF-8"?>
<!-- Generated by org.testng.reporters.JUnitReportReporter -->
<testsuite skipped="0" hostname="DESKTOP-MBD2ILJ" name="com.test.DataDrivenTest" tests="12" failures="0" timestamp="2020-04-07T06:51:10 IST" time="19.147" errors="0">
  <testcase name="canTestExcelData" time="1.167" classname="com.test.DataDrivenTest"/>
  <system-out/>
  <testcase name="canTestExcelData" time="0.592" classname="com.test.DataDrivenTest"/>
  <system-out/>
  <testcase name="canTestExcelData" time="0.161" classname="com.test.DataDrivenTest"/>
  <system-out/>
  <testcase name="canTestExcelData" time="0.991" classname="com.test.DataDrivenTest"/>
  <system-out/>
  <testcase name="canTestExcelData" time="0.000" classname="com.test.DataDrivenTest"/>
  <system-out/>
  <testcase name="canTestExcelData" time="0.274" classname="com.test.DataDrivenTest"/>
  <system-out/>
  <testcase name="canTestExcelData" time="0.165" classname="com.test.DataDrivenTest"/>
  <system-out/>
  <testcase name="canTestExcelData" time="0.364" classname="com.test.DataDrivenTest"/>
  <system-out/>
  <testcase name="canTestExcelData" time="12.699" classname="com.test.DataDrivenTest"/>
  <system-out/>
  <testcase name="canTestExcelData" time="0.241" classname="com.test.DataDrivenTest"/>
  <system-out/>
  <testcase name="canTestExcelData" time="0.832" classname="com.test.DataDrivenTest"/>
  <system-out/>
  <testcase name="canTestExcelData" time="1.661" classname="com.test.DataDrivenTest"/>
  <system-out/>
</testsuite> <!-- com.test.DataDrivenTest -->
